  main.cpp
d:\learning\大四下學期\計算機圖學\hw1\as01_framework\hw1_vs2017_framework\openglframework-vs2017\main.cpp(153): warning C4305: '正在初始化': 從 'double' 轉換為 'float'，是由較大的類型轉換為較小的類型，可能導致資料遺失
d:\learning\大四下學期\計算機圖學\hw1\as01_framework\hw1_vs2017_framework\openglframework-vs2017\main.cpp(156): warning C4244: '引數': 將 'double' 轉換為 'float'，由於類型不同，可能導致資料遺失
d:\learning\大四下學期\計算機圖學\hw1\as01_framework\hw1_vs2017_framework\openglframework-vs2017\main.cpp(166): warning C4305: '正在初始化': 從 'double' 轉換為 'float'，是由較大的類型轉換為較小的類型，可能導致資料遺失
d:\learning\大四下學期\計算機圖學\hw1\as01_framework\hw1_vs2017_framework\openglframework-vs2017\main.cpp(168): warning C4244: '引數': 將 'double' 轉換為 'float'，由於類型不同，可能導致資料遺失
d:\learning\大四下學期\計算機圖學\hw1\as01_framework\hw1_vs2017_framework\openglframework-vs2017\main.cpp(178): warning C4305: '正在初始化': 從 'double' 轉換為 'float'，是由較大的類型轉換為較小的類型，可能導致資料遺失
d:\learning\大四下學期\計算機圖學\hw1\as01_framework\hw1_vs2017_framework\openglframework-vs2017\main.cpp(180): warning C4244: '引數': 將 'double' 轉換為 'float'，由於類型不同，可能導致資料遺失
d:\learning\大四下學期\計算機圖學\hw1\as01_framework\hw1_vs2017_framework\openglframework-vs2017\main.cpp(212): warning C4244: '引數': 將 'double' 轉換為 'float'，由於類型不同，可能導致資料遺失
d:\learning\大四下學期\計算機圖學\hw1\as01_framework\hw1_vs2017_framework\openglframework-vs2017\main.cpp(222): warning C4244: '引數': 將 'double' 轉換為 'float'，由於類型不同，可能導致資料遺失
d:\learning\大四下學期\計算機圖學\hw1\as01_framework\hw1_vs2017_framework\openglframework-vs2017\main.cpp(245): warning C4244: '引數': 將 'double' 轉換為 'float'，由於類型不同，可能導致資料遺失
d:\learning\大四下學期\計算機圖學\hw1\as01_framework\hw1_vs2017_framework\openglframework-vs2017\main.cpp(251): warning C4244: '引數': 將 'double' 轉換為 'float'，由於類型不同，可能導致資料遺失
d:\learning\大四下學期\計算機圖學\hw1\as01_framework\hw1_vs2017_framework\openglframework-vs2017\main.cpp(265): warning C4244: '引數': 將 'double' 轉換為 'float'，由於類型不同，可能導致資料遺失
d:\learning\大四下學期\計算機圖學\hw1\as01_framework\hw1_vs2017_framework\openglframework-vs2017\main.cpp(277): warning C4305: '正在初始化': 從 'double' 轉換為 'GLfloat'，是由較大的類型轉換為較小的類型，可能導致資料遺失
d:\learning\大四下學期\計算機圖學\hw1\as01_framework\hw1_vs2017_framework\openglframework-vs2017\main.cpp(284): warning C4305: '正在初始化': 從 'double' 轉換為 'GLfloat'，是由較大的類型轉換為較小的類型，可能導致資料遺失
d:\learning\大四下學期\計算機圖學\hw1\as01_framework\hw1_vs2017_framework\openglframework-vs2017\main.cpp(436): warning C4305: '+=': 從 'double' 轉換為 'float'，是由較大的類型轉換為較小的類型，可能導致資料遺失
d:\learning\大四下學期\計算機圖學\hw1\as01_framework\hw1_vs2017_framework\openglframework-vs2017\main.cpp(440): warning C4305: '+=': 從 'double' 轉換為 'float'，是由較大的類型轉換為較小的類型，可能導致資料遺失
d:\learning\大四下學期\計算機圖學\hw1\as01_framework\hw1_vs2017_framework\openglframework-vs2017\main.cpp(443): warning C4305: '+=': 從 'double' 轉換為 'float'，是由較大的類型轉換為較小的類型，可能導致資料遺失
d:\learning\大四下學期\計算機圖學\hw1\as01_framework\hw1_vs2017_framework\openglframework-vs2017\main.cpp(448): warning C4305: '+=': 從 'double' 轉換為 'float'，是由較大的類型轉換為較小的類型，可能導致資料遺失
d:\learning\大四下學期\計算機圖學\hw1\as01_framework\hw1_vs2017_framework\openglframework-vs2017\main.cpp(453): warning C4305: '+=': 從 'double' 轉換為 'float'，是由較大的類型轉換為較小的類型，可能導致資料遺失
d:\learning\大四下學期\計算機圖學\hw1\as01_framework\hw1_vs2017_framework\openglframework-vs2017\main.cpp(460): warning C4305: '-=': 從 'double' 轉換為 'float'，是由較大的類型轉換為較小的類型，可能導致資料遺失
d:\learning\大四下學期\計算機圖學\hw1\as01_framework\hw1_vs2017_framework\openglframework-vs2017\main.cpp(464): warning C4305: '-=': 從 'double' 轉換為 'float'，是由較大的類型轉換為較小的類型，可能導致資料遺失
d:\learning\大四下學期\計算機圖學\hw1\as01_framework\hw1_vs2017_framework\openglframework-vs2017\main.cpp(467): warning C4305: '-=': 從 'double' 轉換為 'float'，是由較大的類型轉換為較小的類型，可能導致資料遺失
d:\learning\大四下學期\計算機圖學\hw1\as01_framework\hw1_vs2017_framework\openglframework-vs2017\main.cpp(472): warning C4305: '-=': 從 'double' 轉換為 'float'，是由較大的類型轉換為較小的類型，可能導致資料遺失
d:\learning\大四下學期\計算機圖學\hw1\as01_framework\hw1_vs2017_framework\openglframework-vs2017\main.cpp(477): warning C4305: '-=': 從 'double' 轉換為 'float'，是由較大的類型轉換為較小的類型，可能導致資料遺失
d:\learning\大四下學期\計算機圖學\hw1\as01_framework\hw1_vs2017_framework\openglframework-vs2017\main.cpp(500): warning C4244: '+=': 將 'double' 轉換為 'float'，由於類型不同，可能導致資料遺失
d:\learning\大四下學期\計算機圖學\hw1\as01_framework\hw1_vs2017_framework\openglframework-vs2017\main.cpp(501): warning C4244: '-=': 將 'double' 轉換為 'float'，由於類型不同，可能導致資料遺失
d:\learning\大四下學期\計算機圖學\hw1\as01_framework\hw1_vs2017_framework\openglframework-vs2017\main.cpp(506): warning C4244: '-=': 將 'double' 轉換為 'float'，由於類型不同，可能導致資料遺失
d:\learning\大四下學期\計算機圖學\hw1\as01_framework\hw1_vs2017_framework\openglframework-vs2017\main.cpp(507): warning C4244: '-=': 將 'double' 轉換為 'float'，由於類型不同，可能導致資料遺失
d:\learning\大四下學期\計算機圖學\hw1\as01_framework\hw1_vs2017_framework\openglframework-vs2017\main.cpp(511): warning C4244: '+=': 將 'double' 轉換為 'float'，由於類型不同，可能導致資料遺失
d:\learning\大四下學期\計算機圖學\hw1\as01_framework\hw1_vs2017_framework\openglframework-vs2017\main.cpp(512): warning C4244: '+=': 將 'double' 轉換為 'float'，由於類型不同，可能導致資料遺失
d:\learning\大四下學期\計算機圖學\hw1\as01_framework\hw1_vs2017_framework\openglframework-vs2017\main.cpp(516): warning C4244: '-=': 將 'double' 轉換為 'float'，由於類型不同，可能導致資料遺失
d:\learning\大四下學期\計算機圖學\hw1\as01_framework\hw1_vs2017_framework\openglframework-vs2017\main.cpp(517): warning C4244: '+=': 將 'double' 轉換為 'float'，由於類型不同，可能導致資料遺失
d:\learning\大四下學期\計算機圖學\hw1\as01_framework\hw1_vs2017_framework\openglframework-vs2017\main.cpp(522): warning C4244: '-=': 將 'double' 轉換為 'float'，由於類型不同，可能導致資料遺失
d:\learning\大四下學期\計算機圖學\hw1\as01_framework\hw1_vs2017_framework\openglframework-vs2017\main.cpp(523): warning C4244: '-=': 將 'double' 轉換為 'float'，由於類型不同，可能導致資料遺失
d:\learning\大四下學期\計算機圖學\hw1\as01_framework\hw1_vs2017_framework\openglframework-vs2017\main.cpp(528): warning C4244: '-=': 將 'double' 轉換為 'float'，由於類型不同，可能導致資料遺失
d:\learning\大四下學期\計算機圖學\hw1\as01_framework\hw1_vs2017_framework\openglframework-vs2017\main.cpp(529): warning C4244: '+=': 將 'double' 轉換為 'float'，由於類型不同，可能導致資料遺失
d:\learning\大四下學期\計算機圖學\hw1\as01_framework\hw1_vs2017_framework\openglframework-vs2017\main.cpp(533): warning C4244: '=': 將 'double' 轉換為 'int'，由於類型不同，可能導致資料遺失
d:\learning\大四下學期\計算機圖學\hw1\as01_framework\hw1_vs2017_framework\openglframework-vs2017\main.cpp(534): warning C4244: '=': 將 'double' 轉換為 'int'，由於類型不同，可能導致資料遺失
d:\learning\大四下學期\計算機圖學\hw1\as01_framework\hw1_vs2017_framework\openglframework-vs2017\main.cpp(749): warning C4477: 'printf' : 格式字串 '%d' 需要 'int' 類型的引數，但 variadic 引數 1 的類型為 'unsigned __int64'
  d:\learning\大四下學期\計算機圖學\hw1\as01_framework\hw1_vs2017_framework\openglframework-vs2017\main.cpp(749): note: 請考慮在格式字串中使用 '%zd'
d:\learning\大四下學期\計算機圖學\hw1\as01_framework\hw1_vs2017_framework\openglframework-vs2017\main.cpp(749): warning C4477: 'printf' : 格式字串 '%d' 需要 'int' 類型的引數，但 variadic 引數 2 的類型為 'unsigned __int64'
  d:\learning\大四下學期\計算機圖學\hw1\as01_framework\hw1_vs2017_framework\openglframework-vs2017\main.cpp(749): note: 請考慮在格式字串中使用 '%zd'
d:\learning\大四下學期\計算機圖學\hw1\as01_framework\hw1_vs2017_framework\openglframework-vs2017\main.cpp(761): warning C4267: '=': 將 'size_t' 轉換為 'int'，資料可能遺失
d:\learning\大四下學期\計算機圖學\hw1\as01_framework\hw1_vs2017_framework\openglframework-vs2017\main.cpp(786): warning C4305: '=': 從 'double' 轉換為 'GLfloat'，是由較大的類型轉換為較小的類型，可能導致資料遺失
d:\learning\大四下學期\計算機圖學\hw1\as01_framework\hw1_vs2017_framework\openglframework-vs2017\main.cpp(806): warning C4305: '引數': 從 'double' 轉換為 'GLfloat'，是由較大的類型轉換為較小的類型，可能導致資料遺失
  OpenGLFramework-VS2017.vcxproj -> D:\learning\大四下學期\計算機圖學\HW1\AS01_Framework\HW1_VS2017_Framework\x64\Debug\OpenGLFramework-VS2017.exe
